# JRE version: OpenJDK Runtime Environment (8.0_242-b01) (build 1.8.0_242-release-1644-b01)
# Java VM: OpenJDK 64-Bit Server VM (25.242-b01 mixed mode windows-amd64 compressed oops)
Heap:
 PSYoungGen      total 147968K, used 19930K [0x00000000d5580000, 0x00000000dfc80000, 0x0000000100000000)
  eden space 136192K, 14% used [0x00000000d5580000,0x00000000d68f6bf8,0x00000000dda80000)
  from space 11776K, 0% used [0x00000000de580000,0x00000000de580000,0x00000000df100000)
  to   space 9728K, 0% used [0x00000000df300000,0x00000000df300000,0x00000000dfc80000)
 ParOldGen       total 85504K, used 26737K [0x0000000080000000, 0x0000000085380000, 0x00000000d5580000)
  object space 85504K, 31% used [0x0000000080000000,0x0000000081a1c578,0x0000000085380000)
 Metaspace       used 46951K, capacity 49036K, committed 49240K, reserved 1093632K
  class space    used 6350K, capacity 6766K, committed 6784K, reserved 1048576K
GC Heap History (10 events):
Event: 4.665 GC heap before
{Heap before GC invocations=10 (full 1):
 PSYoungGen      total 117248K, used 33827K [0x00000000d5580000, 0x00000000dd500000, 0x0000000100000000)
  eden space 107008K, 22% used [0x00000000d5580000,0x00000000d6d0b530,0x00000000dbe00000)
  from space 10240K, 94% used [0x00000000dc900000,0x00000000dd27d938,0x00000000dd300000)
  to   space 11264K, 0% used [0x00000000dbe00000,0x00000000dbe00000,0x00000000dc900000)
 ParOldGen       total 57344K, used 8958K [0x0000000080000000, 0x0000000083800000, 0x00000000d5580000)
  object space 57344K, 15% used [0x0000000080000000,0x00000000808bfa90,0x0000000083800000)
 Metaspace       used 33993K, capacity 35250K, committed 35416K, reserved 1079296K
  class space    used 4579K, capacity 4880K, committed 4992K, reserved 1048576K
Event: 4.677 GC heap after
Heap after GC invocations=10 (full 1):
 PSYoungGen      total 118272K, used 7789K [0x00000000d5580000, 0x00000000dfe00000, 0x0000000100000000)
  eden space 107008K, 0% used [0x00000000d5580000,0x00000000d5580000,0x00000000dbe00000)
  from space 11264K, 69% used [0x00000000dbe00000,0x00000000dc59b5d0,0x00000000dc900000)
  to   space 11264K, 0% used [0x00000000df300000,0x00000000df300000,0x00000000dfe00000)
 ParOldGen       total 57344K, used 8966K [0x0000000080000000, 0x0000000083800000, 0x00000000d5580000)
  object space 57344K, 15% used [0x0000000080000000,0x00000000808c1a90,0x0000000083800000)
 Metaspace       used 33993K, capacity 35250K, committed 35416K, reserved 1079296K
  class space    used 4579K, capacity 4880K, committed 4992K, reserved 1048576K
}
Event: 4.677 GC heap before
{Heap before GC invocations=11 (full 2):
 PSYoungGen      total 118272K, used 7789K [0x00000000d5580000, 0x00000000dfe00000, 0x0000000100000000)
  eden space 107008K, 0% used [0x00000000d5580000,0x00000000d5580000,0x00000000dbe00000)
  from space 11264K, 69% used [0x00000000dbe00000,0x00000000dc59b5d0,0x00000000dc900000)
  to   space 11264K, 0% used [0x00000000df300000,0x00000000df300000,0x00000000dfe00000)
 ParOldGen       total 57344K, used 8966K [0x0000000080000000, 0x0000000083800000, 0x00000000d5580000)
  object space 57344K, 15% used [0x0000000080000000,0x00000000808c1a90,0x0000000083800000)
 Metaspace       used 33993K, capacity 35250K, committed 35416K, reserved 1079296K
  class space    used 4579K, capacity 4880K, committed 4992K, reserved 1048576K
Event: 4.739 GC heap after
Heap after GC invocations=11 (full 2):
 PSYoungGen      total 118272K, used 0K [0x00000000d5580000, 0x00000000dfe00000, 0x0000000100000000)
  eden space 107008K, 0% used [0x00000000d5580000,0x00000000d5580000,0x00000000dbe00000)
  from space 11264K, 0% used [0x00000000dbe00000,0x00000000dbe00000,0x00000000dc900000)
  to   space 11264K, 0% used [0x00000000df300000,0x00000000df300000,0x00000000dfe00000)
 ParOldGen       total 85504K, used 14341K [0x0000000080000000, 0x0000000085380000, 0x00000000d5580000)
  object space 85504K, 16% used [0x0000000080000000,0x0000000080e01730,0x0000000085380000)
 Metaspace       used 33993K, capacity 35250K, committed 35416K, reserved 1079296K
  class space    used 4579K, capacity 4880K, committed 4992K, reserved 1048576K
}
Event: 6.087 GC heap before
{Heap before GC invocations=12 (full 2):
 PSYoungGen      total 118272K, used 107008K [0x00000000d5580000, 0x00000000dfe00000, 0x0000000100000000)
  eden space 107008K, 100% used [0x00000000d5580000,0x00000000dbe00000,0x00000000dbe00000)
  from space 11264K, 0% used [0x00000000dbe00000,0x00000000dbe00000,0x00000000dc900000)
  to   space 11264K, 0% used [0x00000000df300000,0x00000000df300000,0x00000000dfe00000)
 ParOldGen       total 85504K, used 14341K [0x0000000080000000, 0x0000000085380000, 0x00000000d5580000)
  object space 85504K, 16% used [0x0000000080000000,0x0000000080e01730,0x0000000085380000)
 Metaspace       used 38561K, capacity 40418K, committed 40536K, reserved 1083392K
  class space    used 5305K, capacity 5702K, committed 5760K, reserved 1048576K
Event: 6.101 GC heap after
Heap after GC invocations=12 (full 2):
 PSYoungGen      total 145920K, used 9352K [0x00000000d5580000, 0x00000000dfc80000, 0x0000000100000000)
  eden space 136192K, 0% used [0x00000000d5580000,0x00000000d5580000,0x00000000dda80000)
  from space 9728K, 96% used [0x00000000df300000,0x00000000dfc22148,0x00000000dfc80000)
  to   space 11776K, 0% used [0x00000000de580000,0x00000000de580000,0x00000000df100000)
 ParOldGen       total 85504K, used 14349K [0x0000000080000000, 0x0000000085380000, 0x00000000d5580000)
  object space 85504K, 16% used [0x0000000080000000,0x0000000080e03730,0x0000000085380000)
 Metaspace       used 38561K, capacity 40418K, committed 40536K, reserved 1083392K
  class space    used 5305K, capacity 5702K, committed 5760K, reserved 1048576K
}
Event: 6.973 GC heap before
{Heap before GC invocations=13 (full 2):
 PSYoungGen      total 145920K, used 100862K [0x00000000d5580000, 0x00000000dfc80000, 0x0000000100000000)
  eden space 136192K, 67% used [0x00000000d5580000,0x00000000daedda90,0x00000000dda80000)
  from space 9728K, 96% used [0x00000000df300000,0x00000000dfc22148,0x00000000dfc80000)
  to   space 11776K, 0% used [0x00000000de580000,0x00000000de580000,0x00000000df100000)
 ParOldGen       total 85504K, used 14349K [0x0000000080000000, 0x0000000085380000, 0x00000000d5580000)
  object space 85504K, 16% used [0x0000000080000000,0x0000000080e03730,0x0000000085380000)
 Metaspace       used 45842K, capacity 47922K, committed 48088K, reserved 1095680K
  class space    used 6220K, capacity 6643K, committed 6656K, reserved 1048576K
Event: 6.989 GC heap after
Heap after GC invocations=13 (full 2):
 PSYoungGen      total 147968K, used 11764K [0x00000000d5580000, 0x00000000dfc80000, 0x0000000100000000)
  eden space 136192K, 0% used [0x00000000d5580000,0x00000000d5580000,0x00000000dda80000)
  from space 11776K, 99% used [0x00000000de580000,0x00000000df0fd220,0x00000000df100000)
  to   space 9728K, 0% used [0x00000000df300000,0x00000000df300000,0x00000000dfc80000)
 ParOldGen       total 85504K, used 16306K [0x0000000080000000, 0x0000000085380000, 0x00000000d5580000)
  object space 85504K, 19% used [0x0000000080000000,0x0000000080fec9b0,0x0000000085380000)
 Metaspace       used 45842K, capacity 47922K, committed 48088K, reserved 1095680K
  class space    used 6220K, capacity 6643K, committed 6656K, reserved 1048576K
}
Event: 6.989 GC heap before
{Heap before GC invocations=14 (full 3):
 PSYoungGen      total 147968K, used 11764K [0x00000000d5580000, 0x00000000dfc80000, 0x0000000100000000)
  eden space 136192K, 0% used [0x00000000d5580000,0x00000000d5580000,0x00000000dda80000)
  from space 11776K, 99% used [0x00000000de580000,0x00000000df0fd220,0x00000000df100000)
  to   space 9728K, 0% used [0x00000000df300000,0x00000000df300000,0x00000000dfc80000)
 ParOldGen       total 85504K, used 16306K [0x0000000080000000, 0x0000000085380000, 0x00000000d5580000)
  object space 85504K, 19% used [0x0000000080000000,0x0000000080fec9b0,0x0000000085380000)
 Metaspace       used 45842K, capacity 47922K, committed 48088K, reserved 1095680K
  class space    used 6220K, capacity 6643K, committed 6656K, reserved 1048576K
Event: 7.150 GC heap after
Heap after GC invocations=14 (full 3):
 PSYoungGen      total 147968K, used 0K [0x00000000d5580000, 0x00000000dfc80000, 0x0000000100000000)
  eden space 136192K, 0% used [0x00000000d5580000,0x00000000d5580000,0x00000000dda80000)
  from space 11776K, 0% used [0x00000000de580000,0x00000000de580000,0x00000000df100000)
  to   space 9728K, 0% used [0x00000000df300000,0x00000000df300000,0x00000000dfc80000)
 ParOldGen       total 85504K, used 26737K [0x0000000080000000, 0x0000000085380000, 0x00000000d5580000)
  object space 85504K, 31% used [0x0000000080000000,0x0000000081a1c578,0x0000000085380000)
 Metaspace       used 45828K, capacity 47874K, committed 48088K, reserved 1093632K
  class space    used 6216K, capacity 6635K, committed 6656K, reserved 1048576K
}

