# JRE version: OpenJDK Runtime Environment (8.0_242-b01) (build 1.8.0_242-release-1644-b01)
# Java VM: OpenJDK 64-Bit Server VM (25.242-b01 mixed mode windows-amd64 compressed oops)
Heap:
 PSYoungGen      total 182272K, used 68225K [0x00000000d5580000, 0x00000000e3a80000, 0x0000000100000000)
  eden space 161792K, 33% used [0x00000000d5580000,0x00000000d8b11200,0x00000000df380000)
  from space 20480K, 65% used [0x00000000df380000,0x00000000e008f378,0x00000000e0780000)
  to   space 20480K, 0% used [0x00000000e2680000,0x00000000e2680000,0x00000000e3a80000)
 ParOldGen       total 87040K, used 35284K [0x0000000080000000, 0x0000000085500000, 0x00000000d5580000)
  object space 87040K, 40% used [0x0000000080000000,0x00000000822750e0,0x0000000085500000)
 Metaspace       used 68634K, capacity 71662K, committed 71768K, reserved 1112064K
  class space    used 9488K, capacity 10097K, committed 10112K, reserved 1048576K
GC Heap History (10 events):
Event: 5.051 GC heap before
{Heap before GC invocations=12 (full 2):
 PSYoungGen      total 116224K, used 104448K [0x00000000d5580000, 0x00000000dfd80000, 0x0000000100000000)
  eden space 104448K, 100% used [0x00000000d5580000,0x00000000dbb80000,0x00000000dbb80000)
  from space 11776K, 0% used [0x00000000dbb80000,0x00000000dbb80000,0x00000000dc700000)
  to   space 11264K, 0% used [0x00000000df280000,0x00000000df280000,0x00000000dfd80000)
 ParOldGen       total 87040K, used 14386K [0x0000000080000000, 0x0000000085500000, 0x00000000d5580000)
  object space 87040K, 16% used [0x0000000080000000,0x0000000080e0c9f8,0x0000000085500000)
 Metaspace       used 38517K, capacity 40346K, committed 40576K, reserved 1083392K
  class space    used 5305K, capacity 5702K, committed 5760K, reserved 1048576K
Event: 5.062 GC heap after
Heap after GC invocations=12 (full 2):
 PSYoungGen      total 141824K, used 9192K [0x00000000d5580000, 0x00000000dfb80000, 0x0000000100000000)
  eden space 132608K, 0% used [0x00000000d5580000,0x00000000d5580000,0x00000000dd700000)
  from space 9216K, 99% used [0x00000000df280000,0x00000000dfb7a148,0x00000000dfb80000)
  to   space 11776K, 0% used [0x00000000de480000,0x00000000de480000,0x00000000df000000)
 ParOldGen       total 87040K, used 14394K [0x0000000080000000, 0x0000000085500000, 0x00000000d5580000)
  object space 87040K, 16% used [0x0000000080000000,0x0000000080e0e9f8,0x0000000085500000)
 Metaspace       used 38517K, capacity 40346K, committed 40576K, reserved 1083392K
  class space    used 5305K, capacity 5702K, committed 5760K, reserved 1048576K
}
Event: 6.276 GC heap before
{Heap before GC invocations=13 (full 2):
 PSYoungGen      total 141824K, used 141800K [0x00000000d5580000, 0x00000000dfb80000, 0x0000000100000000)
  eden space 132608K, 100% used [0x00000000d5580000,0x00000000dd700000,0x00000000dd700000)
  from space 9216K, 99% used [0x00000000df280000,0x00000000dfb7a148,0x00000000dfb80000)
  to   space 11776K, 0% used [0x00000000de480000,0x00000000de480000,0x00000000df000000)
 ParOldGen       total 87040K, used 14394K [0x0000000080000000, 0x0000000085500000, 0x00000000d5580000)
  object space 87040K, 16% used [0x0000000080000000,0x0000000080e0e9f8,0x0000000085500000)
 Metaspace       used 49300K, capacity 51464K, committed 51712K, reserved 1093632K
  class space    used 6661K, capacity 7082K, committed 7168K, reserved 1048576K
Event: 6.292 GC heap after
Heap after GC invocations=13 (full 2):
 PSYoungGen      total 158208K, used 11772K [0x00000000d5580000, 0x00000000e1780000, 0x0000000100000000)
  eden space 146432K, 0% used [0x00000000d5580000,0x00000000d5580000,0x00000000de480000)
  from space 11776K, 99% used [0x00000000de480000,0x00000000defff300,0x00000000df000000)
  to   space 16384K, 0% used [0x00000000e0780000,0x00000000e0780000,0x00000000e1780000)
 ParOldGen       total 87040K, used 22601K [0x0000000080000000, 0x0000000085500000, 0x00000000d5580000)
  object space 87040K, 25% used [0x0000000080000000,0x0000000081612500,0x0000000085500000)
 Metaspace       used 49300K, capacity 51464K, committed 51712K, reserved 1093632K
  class space    used 6661K, capacity 7082K, committed 7168K, reserved 1048576K
}
Event: 7.179 GC heap before
{Heap before GC invocations=14 (full 2):
 PSYoungGen      total 158208K, used 92950K [0x00000000d5580000, 0x00000000e1780000, 0x0000000100000000)
  eden space 146432K, 55% used [0x00000000d5580000,0x00000000da4c6718,0x00000000de480000)
  from space 11776K, 99% used [0x00000000de480000,0x00000000defff300,0x00000000df000000)
  to   space 16384K, 0% used [0x00000000e0780000,0x00000000e0780000,0x00000000e1780000)
 ParOldGen       total 87040K, used 22601K [0x0000000080000000, 0x0000000085500000, 0x00000000d5580000)
  object space 87040K, 25% used [0x0000000080000000,0x0000000081612500,0x0000000085500000)
 Metaspace       used 56421K, capacity 58870K, committed 59096K, reserved 1099776K
  class space    used 7687K, capacity 8168K, committed 8192K, reserved 1048576K
Event: 7.199 GC heap after
Heap after GC invocations=14 (full 2):
 PSYoungGen      total 178176K, used 16367K [0x00000000d5580000, 0x00000000e3080000, 0x0000000100000000)
  eden space 161792K, 0% used [0x00000000d5580000,0x00000000d5580000,0x00000000df380000)
  from space 16384K, 99% used [0x00000000e0780000,0x00000000e177bce8,0x00000000e1780000)
  to   space 20480K, 0% used [0x00000000df380000,0x00000000df380000,0x00000000e0780000)
 ParOldGen       total 87040K, used 27985K [0x0000000080000000, 0x0000000085500000, 0x00000000d5580000)
  object space 87040K, 32% used [0x0000000080000000,0x0000000081b54568,0x0000000085500000)
 Metaspace       used 56421K, capacity 58870K, committed 59096K, reserved 1099776K
  class space    used 7687K, capacity 8168K, committed 8192K, reserved 1048576K
}
Event: 7.199 GC heap before
{Heap before GC invocations=15 (full 3):
 PSYoungGen      total 178176K, used 16367K [0x00000000d5580000, 0x00000000e3080000, 0x0000000100000000)
  eden space 161792K, 0% used [0x00000000d5580000,0x00000000d5580000,0x00000000df380000)
  from space 16384K, 99% used [0x00000000e0780000,0x00000000e177bce8,0x00000000e1780000)
  to   space 20480K, 0% used [0x00000000df380000,0x00000000df380000,0x00000000e0780000)
 ParOldGen       total 87040K, used 27985K [0x0000000080000000, 0x0000000085500000, 0x00000000d5580000)
  object space 87040K, 32% used [0x0000000080000000,0x0000000081b54568,0x0000000085500000)
 Metaspace       used 56421K, capacity 58870K, committed 59096K, reserved 1099776K
  class space    used 7687K, capacity 8168K, committed 8192K, reserved 1048576K
Event: 7.363 GC heap after
Heap after GC invocations=15 (full 3):
 PSYoungGen      total 178176K, used 0K [0x00000000d5580000, 0x00000000e3080000, 0x0000000100000000)
  eden space 161792K, 0% used [0x00000000d5580000,0x00000000d5580000,0x00000000df380000)
  from space 16384K, 0% used [0x00000000e0780000,0x00000000e0780000,0x00000000e1780000)
  to   space 20480K, 0% used [0x00000000df380000,0x00000000df380000,0x00000000e0780000)
 ParOldGen       total 87040K, used 35276K [0x0000000080000000, 0x0000000085500000, 0x00000000d5580000)
  object space 87040K, 40% used [0x0000000080000000,0x00000000822730e0,0x0000000085500000)
 Metaspace       used 56407K, capacity 58822K, committed 59096K, reserved 1099776K
  class space    used 7682K, capacity 8160K, committed 8192K, reserved 1048576K
}
Event: 8.917 GC heap before
{Heap before GC invocations=16 (full 3):
 PSYoungGen      total 178176K, used 161792K [0x00000000d5580000, 0x00000000e3080000, 0x0000000100000000)
  eden space 161792K, 100% used [0x00000000d5580000,0x00000000df380000,0x00000000df380000)
  from space 16384K, 0% used [0x00000000e0780000,0x00000000e0780000,0x00000000e1780000)
  to   space 20480K, 0% used [0x00000000df380000,0x00000000df380000,0x00000000e0780000)
 ParOldGen       total 87040K, used 35276K [0x0000000080000000, 0x0000000085500000, 0x00000000d5580000)
  object space 87040K, 40% used [0x0000000080000000,0x00000000822730e0,0x0000000085500000)
 Metaspace       used 64829K, capacity 67686K, committed 67928K, reserved 1107968K
  class space    used 8961K, capacity 9549K, committed 9600K, reserved 1048576K
Event: 8.931 GC heap after
Heap after GC invocations=16 (full 3):
 PSYoungGen      total 182272K, used 13372K [0x00000000d5580000, 0x00000000e3a80000, 0x0000000100000000)
  eden space 161792K, 0% used [0x00000000d5580000,0x00000000d5580000,0x00000000df380000)
  from space 20480K, 65% used [0x00000000df380000,0x00000000e008f378,0x00000000e0780000)
  to   space 20480K, 0% used [0x00000000e2680000,0x00000000e2680000,0x00000000e3a80000)
 ParOldGen       total 87040K, used 35284K [0x0000000080000000, 0x0000000085500000, 0x00000000d5580000)
  object space 87040K, 40% used [0x0000000080000000,0x00000000822750e0,0x0000000085500000)
 Metaspace       used 64829K, capacity 67686K, committed 67928K, reserved 1107968K
  class space    used 8961K, capacity 9549K, committed 9600K, reserved 1048576K
}

