# JRE version: OpenJDK Runtime Environment (8.0_242-b01) (build 1.8.0_242-release-1644-b01)
# Java VM: OpenJDK 64-Bit Server VM (25.242-b01 mixed mode windows-amd64 compressed oops)
Heap:
 PSYoungGen      total 184832K, used 177291K [0x00000000d5580000, 0x00000000e3f00000, 0x0000000100000000)
  eden space 164352K, 99% used [0x00000000d5580000,0x00000000df54f188,0x00000000df600000)
  from space 20480K, 66% used [0x00000000df600000,0x00000000e0353b70,0x00000000e0a00000)
  to   space 20992K, 0% used [0x00000000e2a80000,0x00000000e2a80000,0x00000000e3f00000)
 ParOldGen       total 87552K, used 35514K [0x0000000080000000, 0x0000000085580000, 0x00000000d5580000)
  object space 87552K, 40% used [0x0000000080000000,0x00000000822ae890,0x0000000085580000)
 Metaspace       used 74871K, capacity 78477K, committed 78680K, reserved 1116160K
  class space    used 10298K, capacity 11016K, committed 11136K, reserved 1048576K
GC Heap History (10 events):
Event: 5.032 GC heap before
{Heap before GC invocations=12 (full 2):
 PSYoungGen      total 116224K, used 104960K [0x00000000d5580000, 0x00000000dfc80000, 0x0000000100000000)
  eden space 104960K, 100% used [0x00000000d5580000,0x00000000dbc00000,0x00000000dbc00000)
  from space 11264K, 0% used [0x00000000dbc00000,0x00000000dbc00000,0x00000000dc700000)
  to   space 11776K, 0% used [0x00000000df100000,0x00000000df100000,0x00000000dfc80000)
 ParOldGen       total 87552K, used 15106K [0x0000000080000000, 0x0000000085580000, 0x00000000d5580000)
  object space 87552K, 17% used [0x0000000080000000,0x0000000080ec09f0,0x0000000085580000)
 Metaspace       used 38249K, capacity 40121K, committed 40280K, reserved 1083392K
  class space    used 5283K, capacity 5670K, committed 5760K, reserved 1048576K
Event: 5.040 GC heap after
Heap after GC invocations=12 (full 2):
 PSYoungGen      total 142336K, used 8633K [0x00000000d5580000, 0x00000000df980000, 0x0000000100000000)
  eden space 133632K, 0% used [0x00000000d5580000,0x00000000d5580000,0x00000000dd800000)
  from space 8704K, 99% used [0x00000000df100000,0x00000000df96e478,0x00000000df980000)
  to   space 11776K, 0% used [0x00000000de280000,0x00000000de280000,0x00000000dee00000)
 ParOldGen       total 87552K, used 15114K [0x0000000080000000, 0x0000000085580000, 0x00000000d5580000)
  object space 87552K, 17% used [0x0000000080000000,0x0000000080ec29f0,0x0000000085580000)
 Metaspace       used 38249K, capacity 40121K, committed 40280K, reserved 1083392K
  class space    used 5283K, capacity 5670K, committed 5760K, reserved 1048576K
}
Event: 6.280 GC heap before
{Heap before GC invocations=13 (full 2):
 PSYoungGen      total 142336K, used 142265K [0x00000000d5580000, 0x00000000df980000, 0x0000000100000000)
  eden space 133632K, 100% used [0x00000000d5580000,0x00000000dd800000,0x00000000dd800000)
  from space 8704K, 99% used [0x00000000df100000,0x00000000df96e478,0x00000000df980000)
  to   space 11776K, 0% used [0x00000000de280000,0x00000000de280000,0x00000000dee00000)
 ParOldGen       total 87552K, used 15114K [0x0000000080000000, 0x0000000085580000, 0x00000000d5580000)
  object space 87552K, 17% used [0x0000000080000000,0x0000000080ec29f0,0x0000000085580000)
 Metaspace       used 49359K, capacity 51567K, committed 51928K, reserved 1093632K
  class space    used 6659K, capacity 7116K, committed 7168K, reserved 1048576K
Event: 6.299 GC heap after
Heap after GC invocations=13 (full 2):
 PSYoungGen      total 156160K, used 11756K [0x00000000d5580000, 0x00000000e1a00000, 0x0000000100000000)
  eden space 144384K, 0% used [0x00000000d5580000,0x00000000d5580000,0x00000000de280000)
  from space 11776K, 99% used [0x00000000de280000,0x00000000dedfb310,0x00000000dee00000)
  to   space 16384K, 0% used [0x00000000e0a00000,0x00000000e0a00000,0x00000000e1a00000)
 ParOldGen       total 87552K, used 24570K [0x0000000080000000, 0x0000000085580000, 0x00000000d5580000)
  object space 87552K, 28% used [0x0000000080000000,0x00000000817fea58,0x0000000085580000)
 Metaspace       used 49359K, capacity 51567K, committed 51928K, reserved 1093632K
  class space    used 6659K, capacity 7116K, committed 7168K, reserved 1048576K
}
Event: 7.121 GC heap before
{Heap before GC invocations=14 (full 2):
 PSYoungGen      total 156160K, used 91884K [0x00000000d5580000, 0x00000000e1a00000, 0x0000000100000000)
  eden space 144384K, 55% used [0x00000000d5580000,0x00000000da3c0048,0x00000000de280000)
  from space 11776K, 99% used [0x00000000de280000,0x00000000dedfb310,0x00000000dee00000)
  to   space 16384K, 0% used [0x00000000e0a00000,0x00000000e0a00000,0x00000000e1a00000)
 ParOldGen       total 87552K, used 24570K [0x0000000080000000, 0x0000000085580000, 0x00000000d5580000)
  object space 87552K, 28% used [0x0000000080000000,0x00000000817fea58,0x0000000085580000)
 Metaspace       used 56340K, capacity 58831K, committed 58968K, reserved 1099776K
  class space    used 7682K, capacity 8201K, committed 8320K, reserved 1048576K
Event: 7.142 GC heap after
Heap after GC invocations=14 (full 2):
 PSYoungGen      total 180736K, used 16381K [0x00000000d5580000, 0x00000000e3080000, 0x0000000100000000)
  eden space 164352K, 0% used [0x00000000d5580000,0x00000000d5580000,0x00000000df600000)
  from space 16384K, 99% used [0x00000000e0a00000,0x00000000e19ff5c0,0x00000000e1a00000)
  to   space 20480K, 0% used [0x00000000df600000,0x00000000df600000,0x00000000e0a00000)
 ParOldGen       total 87552K, used 29892K [0x0000000080000000, 0x0000000085580000, 0x00000000d5580000)
  object space 87552K, 34% used [0x0000000080000000,0x0000000081d31110,0x0000000085580000)
 Metaspace       used 56340K, capacity 58831K, committed 58968K, reserved 1099776K
  class space    used 7682K, capacity 8201K, committed 8320K, reserved 1048576K
}
Event: 7.142 GC heap before
{Heap before GC invocations=15 (full 3):
 PSYoungGen      total 180736K, used 16381K [0x00000000d5580000, 0x00000000e3080000, 0x0000000100000000)
  eden space 164352K, 0% used [0x00000000d5580000,0x00000000d5580000,0x00000000df600000)
  from space 16384K, 99% used [0x00000000e0a00000,0x00000000e19ff5c0,0x00000000e1a00000)
  to   space 20480K, 0% used [0x00000000df600000,0x00000000df600000,0x00000000e0a00000)
 ParOldGen       total 87552K, used 29892K [0x0000000080000000, 0x0000000085580000, 0x00000000d5580000)
  object space 87552K, 34% used [0x0000000080000000,0x0000000081d31110,0x0000000085580000)
 Metaspace       used 56340K, capacity 58831K, committed 58968K, reserved 1099776K
  class space    used 7682K, capacity 8201K, committed 8320K, reserved 1048576K
Event: 7.320 GC heap after
Heap after GC invocations=15 (full 3):
 PSYoungGen      total 180736K, used 0K [0x00000000d5580000, 0x00000000e3080000, 0x0000000100000000)
  eden space 164352K, 0% used [0x00000000d5580000,0x00000000d5580000,0x00000000df600000)
  from space 16384K, 0% used [0x00000000e0a00000,0x00000000e0a00000,0x00000000e1a00000)
  to   space 20480K, 0% used [0x00000000df600000,0x00000000df600000,0x00000000e0a00000)
 ParOldGen       total 87552K, used 35506K [0x0000000080000000, 0x0000000085580000, 0x00000000d5580000)
  object space 87552K, 40% used [0x0000000080000000,0x00000000822ac890,0x0000000085580000)
 Metaspace       used 56320K, capacity 58765K, committed 58968K, reserved 1099776K
  class space    used 7676K, capacity 8190K, committed 8320K, reserved 1048576K
}
Event: 8.860 GC heap before
{Heap before GC invocations=16 (full 3):
 PSYoungGen      total 180736K, used 164352K [0x00000000d5580000, 0x00000000e3080000, 0x0000000100000000)
  eden space 164352K, 100% used [0x00000000d5580000,0x00000000df600000,0x00000000df600000)
  from space 16384K, 0% used [0x00000000e0a00000,0x00000000e0a00000,0x00000000e1a00000)
  to   space 20480K, 0% used [0x00000000df600000,0x00000000df600000,0x00000000e0a00000)
 ParOldGen       total 87552K, used 35506K [0x0000000080000000, 0x0000000085580000, 0x00000000d5580000)
  object space 87552K, 40% used [0x0000000080000000,0x00000000822ac890,0x0000000085580000)
 Metaspace       used 65017K, capacity 67897K, committed 68056K, reserved 1107968K
  class space    used 8990K, capacity 9615K, committed 9728K, reserved 1048576K
Event: 8.875 GC heap after
Heap after GC invocations=16 (full 3):
 PSYoungGen      total 184832K, used 13646K [0x00000000d5580000, 0x00000000e3f00000, 0x0000000100000000)
  eden space 164352K, 0% used [0x00000000d5580000,0x00000000d5580000,0x00000000df600000)
  from space 20480K, 66% used [0x00000000df600000,0x00000000e0353b70,0x00000000e0a00000)
  to   space 20992K, 0% used [0x00000000e2a80000,0x00000000e2a80000,0x00000000e3f00000)
 ParOldGen       total 87552K, used 35514K [0x0000000080000000, 0x0000000085580000, 0x00000000d5580000)
  object space 87552K, 40% used [0x0000000080000000,0x00000000822ae890,0x0000000085580000)
 Metaspace       used 65017K, capacity 67897K, committed 68056K, reserved 1107968K
  class space    used 8990K, capacity 9615K, committed 9728K, reserved 1048576K
}

