# JRE version: OpenJDK Runtime Environment (8.0_242-b01) (build 1.8.0_242-release-1644-b01)
# Java VM: OpenJDK 64-Bit Server VM (25.242-b01 mixed mode windows-amd64 compressed oops)
Heap:
 PSYoungGen      total 177664K, used 84086K [0x00000000d5580000, 0x00000000e3780000, 0x0000000100000000)
  eden space 157184K, 44% used [0x00000000d5580000,0x00000000d9a15498,0x00000000def00000)
  from space 20480K, 67% used [0x00000000def00000,0x00000000dfc88590,0x00000000e0300000)
  to   space 20992K, 0% used [0x00000000e2300000,0x00000000e2300000,0x00000000e3780000)
 ParOldGen       total 89600K, used 35288K [0x0000000080000000, 0x0000000085780000, 0x00000000d5580000)
  object space 89600K, 39% used [0x0000000080000000,0x0000000082276338,0x0000000085780000)
 Metaspace       used 70928K, capacity 73910K, committed 74072K, reserved 1114112K
  class space    used 9715K, capacity 10318K, committed 10368K, reserved 1048576K
GC Heap History (10 events):
Event: 5.128 GC heap before
{Heap before GC invocations=12 (full 2):
 PSYoungGen      total 114688K, used 103424K [0x00000000d5580000, 0x00000000dfa00000, 0x0000000100000000)
  eden space 103424K, 100% used [0x00000000d5580000,0x00000000dba80000,0x00000000dba80000)
  from space 11264K, 0% used [0x00000000dba80000,0x00000000dba80000,0x00000000dc580000)
  to   space 11264K, 0% used [0x00000000def00000,0x00000000def00000,0x00000000dfa00000)
 ParOldGen       total 89600K, used 14319K [0x0000000080000000, 0x0000000085780000, 0x00000000d5580000)
  object space 89600K, 15% used [0x0000000080000000,0x0000000080dfbd38,0x0000000085780000)
 Metaspace       used 40615K, capacity 42186K, committed 42456K, reserved 1085440K
  class space    used 5506K, capacity 5849K, committed 5888K, reserved 1048576K
Event: 5.141 GC heap after
Heap after GC invocations=12 (full 2):
 PSYoungGen      total 141312K, used 11052K [0x00000000d5580000, 0x00000000dfa00000, 0x0000000100000000)
  eden space 130048K, 0% used [0x00000000d5580000,0x00000000d5580000,0x00000000dd480000)
  from space 11264K, 98% used [0x00000000def00000,0x00000000df9cb260,0x00000000dfa00000)
  to   space 12288K, 0% used [0x00000000de200000,0x00000000de200000,0x00000000dee00000)
 ParOldGen       total 89600K, used 14327K [0x0000000080000000, 0x0000000085780000, 0x00000000d5580000)
  object space 89600K, 15% used [0x0000000080000000,0x0000000080dfdd38,0x0000000085780000)
 Metaspace       used 40615K, capacity 42186K, committed 42456K, reserved 1085440K
  class space    used 5506K, capacity 5849K, committed 5888K, reserved 1048576K
}
Event: 6.351 GC heap before
{Heap before GC invocations=13 (full 2):
 PSYoungGen      total 141312K, used 141100K [0x00000000d5580000, 0x00000000dfa00000, 0x0000000100000000)
  eden space 130048K, 100% used [0x00000000d5580000,0x00000000dd480000,0x00000000dd480000)
  from space 11264K, 98% used [0x00000000def00000,0x00000000df9cb260,0x00000000dfa00000)
  to   space 12288K, 0% used [0x00000000de200000,0x00000000de200000,0x00000000dee00000)
 ParOldGen       total 89600K, used 14327K [0x0000000080000000, 0x0000000085780000, 0x00000000d5580000)
  object space 89600K, 15% used [0x0000000080000000,0x0000000080dfdd38,0x0000000085780000)
 Metaspace       used 49807K, capacity 51904K, committed 52184K, reserved 1093632K
  class space    used 6639K, capacity 7061K, committed 7168K, reserved 1048576K
Event: 6.371 GC heap after
Heap after GC invocations=13 (full 2):
 PSYoungGen      total 156160K, used 12272K [0x00000000d5580000, 0x00000000e1280000, 0x0000000100000000)
  eden space 143872K, 0% used [0x00000000d5580000,0x00000000d5580000,0x00000000de200000)
  from space 12288K, 99% used [0x00000000de200000,0x00000000dedfc3b0,0x00000000dee00000)
  to   space 15872K, 0% used [0x00000000e0300000,0x00000000e0300000,0x00000000e1280000)
 ParOldGen       total 89600K, used 20211K [0x0000000080000000, 0x0000000085780000, 0x00000000d5580000)
  object space 89600K, 22% used [0x0000000080000000,0x00000000813bcc28,0x0000000085780000)
 Metaspace       used 49807K, capacity 51904K, committed 52184K, reserved 1093632K
  class space    used 6639K, capacity 7061K, committed 7168K, reserved 1048576K
}
Event: 7.166 GC heap before
{Heap before GC invocations=14 (full 2):
 PSYoungGen      total 156160K, used 100533K [0x00000000d5580000, 0x00000000e1280000, 0x0000000100000000)
  eden space 143872K, 61% used [0x00000000d5580000,0x00000000dabb1220,0x00000000de200000)
  from space 12288K, 99% used [0x00000000de200000,0x00000000dedfc3b0,0x00000000dee00000)
  to   space 15872K, 0% used [0x00000000e0300000,0x00000000e0300000,0x00000000e1280000)
 ParOldGen       total 89600K, used 20211K [0x0000000080000000, 0x0000000085780000, 0x00000000d5580000)
  object space 89600K, 22% used [0x0000000080000000,0x00000000813bcc28,0x0000000085780000)
 Metaspace       used 56557K, capacity 58842K, committed 59028K, reserved 1099776K
  class space    used 7471K, capacity 7936K, committed 7936K, reserved 1048576K
Event: 7.186 GC heap after
Heap after GC invocations=14 (full 2):
 PSYoungGen      total 173056K, used 15864K [0x00000000d5580000, 0x00000000e2d00000, 0x0000000100000000)
  eden space 157184K, 0% used [0x00000000d5580000,0x00000000d5580000,0x00000000def00000)
  from space 15872K, 99% used [0x00000000e0300000,0x00000000e127e180,0x00000000e1280000)
  to   space 20480K, 0% used [0x00000000def00000,0x00000000def00000,0x00000000e0300000)
 ParOldGen       total 89600K, used 26799K [0x0000000080000000, 0x0000000085780000, 0x00000000d5580000)
  object space 89600K, 29% used [0x0000000080000000,0x0000000081a2bdb8,0x0000000085780000)
 Metaspace       used 56557K, capacity 58842K, committed 59028K, reserved 1099776K
  class space    used 7471K, capacity 7936K, committed 7936K, reserved 1048576K
}
Event: 7.186 GC heap before
{Heap before GC invocations=15 (full 3):
 PSYoungGen      total 173056K, used 15864K [0x00000000d5580000, 0x00000000e2d00000, 0x0000000100000000)
  eden space 157184K, 0% used [0x00000000d5580000,0x00000000d5580000,0x00000000def00000)
  from space 15872K, 99% used [0x00000000e0300000,0x00000000e127e180,0x00000000e1280000)
  to   space 20480K, 0% used [0x00000000def00000,0x00000000def00000,0x00000000e0300000)
 ParOldGen       total 89600K, used 26799K [0x0000000080000000, 0x0000000085780000, 0x00000000d5580000)
  object space 89600K, 29% used [0x0000000080000000,0x0000000081a2bdb8,0x0000000085780000)
 Metaspace       used 56557K, capacity 58842K, committed 59028K, reserved 1099776K
  class space    used 7471K, capacity 7936K, committed 7936K, reserved 1048576K
Event: 7.343 GC heap after
Heap after GC invocations=15 (full 3):
 PSYoungGen      total 173056K, used 0K [0x00000000d5580000, 0x00000000e2d00000, 0x0000000100000000)
  eden space 157184K, 0% used [0x00000000d5580000,0x00000000d5580000,0x00000000def00000)
  from space 15872K, 0% used [0x00000000e0300000,0x00000000e0300000,0x00000000e1280000)
  to   space 20480K, 0% used [0x00000000def00000,0x00000000def00000,0x00000000e0300000)
 ParOldGen       total 89600K, used 35280K [0x0000000080000000, 0x0000000085780000, 0x00000000d5580000)
  object space 89600K, 39% used [0x0000000080000000,0x0000000082274338,0x0000000085780000)
 Metaspace       used 56547K, capacity 58812K, committed 59028K, reserved 1099776K
  class space    used 7467K, capacity 7930K, committed 7936K, reserved 1048576K
}
Event: 8.929 GC heap before
{Heap before GC invocations=16 (full 3):
 PSYoungGen      total 173056K, used 157184K [0x00000000d5580000, 0x00000000e2d00000, 0x0000000100000000)
  eden space 157184K, 100% used [0x00000000d5580000,0x00000000def00000,0x00000000def00000)
  from space 15872K, 0% used [0x00000000e0300000,0x00000000e0300000,0x00000000e1280000)
  to   space 20480K, 0% used [0x00000000def00000,0x00000000def00000,0x00000000e0300000)
 ParOldGen       total 89600K, used 35280K [0x0000000080000000, 0x0000000085780000, 0x00000000d5580000)
  object space 89600K, 39% used [0x0000000080000000,0x0000000082274338,0x0000000085780000)
 Metaspace       used 66477K, capacity 69234K, committed 69592K, reserved 1110016K
  class space    used 9064K, capacity 9625K, committed 9728K, reserved 1048576K
Event: 8.948 GC heap after
Heap after GC invocations=16 (full 3):
 PSYoungGen      total 177664K, used 13857K [0x00000000d5580000, 0x00000000e3780000, 0x0000000100000000)
  eden space 157184K, 0% used [0x00000000d5580000,0x00000000d5580000,0x00000000def00000)
  from space 20480K, 67% used [0x00000000def00000,0x00000000dfc88590,0x00000000e0300000)
  to   space 20992K, 0% used [0x00000000e2300000,0x00000000e2300000,0x00000000e3780000)
 ParOldGen       total 89600K, used 35288K [0x0000000080000000, 0x0000000085780000, 0x00000000d5580000)
  object space 89600K, 39% used [0x0000000080000000,0x0000000082276338,0x0000000085780000)
 Metaspace       used 66477K, capacity 69234K, committed 69592K, reserved 1110016K
  class space    used 9064K, capacity 9625K, committed 9728K, reserved 1048576K
}

